2025-08-11 01:04:03,727 - binance_future_scalping - INFO - Configuration loaded successfully
2025-08-11 01:04:03,977 - binance_future_scalping - INFO - Total balance: 20.82 USDT
2025-08-11 01:04:03,977 - binance_future_scalping - INFO - Allocated trading balance: 20.82 USDT
2025-08-11 01:04:03,977 - binance_future_scalping - INFO - Capital per coin: 5.21 USDT
2025-08-11 01:04:03,988 - binance_future_scalping - ERROR - Critical error: 'coroutine' object has no attribute 'futures_change_leverage'
2025-08-11 01:04:03,988 - binance_future_scalping - INFO - Trading bot stopped
2025-08-11 01:04:04,030 - asyncio - ERROR - Unclosed client session
client_session: <aiohttp.client.ClientSession object at 0x7a83a96c2ba0>
2025-08-11 01:04:04,030 - asyncio - ERROR - Unclosed connector
connections: ['deque([(<aiohttp.client_proto.ResponseHandler object at 0x7a83a9553110>, 13838632.962546255)])', 'deque([(<aiohttp.client_proto.ResponseHandler object at 0x7a83a95534d0>, 13838633.05104669)])']
connector: <aiohttp.connector.TCPConnector object at 0x7a83a96c2cf0>
2025-08-11 01:04:05,446 - binance_future_scalping - INFO - Configuration loaded successfully
2025-08-11 01:04:05,700 - binance_future_scalping - INFO - Total balance: 20.82 USDT
2025-08-11 01:04:05,700 - binance_future_scalping - INFO - Allocated trading balance: 20.82 USDT
2025-08-11 01:04:05,700 - binance_future_scalping - INFO - Capital per coin: 5.21 USDT
2025-08-11 01:04:05,706 - binance_future_scalping - ERROR - Critical error: 'coroutine' object has no attribute 'futures_change_leverage'
2025-08-11 01:04:05,706 - binance_future_scalping - INFO - Trading bot stopped
2025-08-11 01:04:05,750 - asyncio - ERROR - Unclosed client session
client_session: <aiohttp.client.ClientSession object at 0x7f2a64ebeba0>
2025-08-11 01:04:05,750 - asyncio - ERROR - Unclosed connector
connections: ['deque([(<aiohttp.client_proto.ResponseHandler object at 0x7f2a64d4f110>, 13838634.682721017)])', 'deque([(<aiohttp.client_proto.ResponseHandler object at 0x7f2a64d4f4d0>, 13838634.774058241)])']
connector: <aiohttp.connector.TCPConnector object at 0x7f2a64ebecf0>
2025-08-11 01:04:07,384 - binance_future_scalping - INFO - Configuration loaded successfully
2025-08-11 01:04:07,639 - binance_future_scalping - INFO - Total balance: 20.82 USDT
2025-08-11 01:04:07,639 - binance_future_scalping - INFO - Allocated trading balance: 20.82 USDT
2025-08-11 01:04:07,639 - binance_future_scalping - INFO - Capital per coin: 5.21 USDT
2025-08-11 01:04:07,642 - binance_future_scalping - ERROR - Critical error: 'coroutine' object has no attribute 'futures_change_leverage'
2025-08-11 01:04:07,643 - binance_future_scalping - INFO - Trading bot stopped
2025-08-11 01:04:07,686 - asyncio - ERROR - Unclosed client session
client_session: <aiohttp.client.ClientSession object at 0x780bb32deba0>
2025-08-11 01:04:07,686 - asyncio - ERROR - Unclosed connector
connections: ['deque([(<aiohttp.client_proto.ResponseHandler object at 0x780bb33bb110>, 13838636.624423608)])', 'deque([(<aiohttp.client_proto.ResponseHandler object at 0x780bb33bb4d0>, 13838636.713080479)])']
connector: <aiohttp.connector.TCPConnector object at 0x780bb32decf0>
2025-08-11 01:04:09,580 - binance_future_scalping - INFO - Configuration loaded successfully
2025-08-11 01:04:09,841 - binance_future_scalping - INFO - Total balance: 20.82 USDT
2025-08-11 01:04:09,842 - binance_future_scalping - INFO - Allocated trading balance: 20.82 USDT
2025-08-11 01:04:09,842 - binance_future_scalping - INFO - Capital per coin: 5.21 USDT
2025-08-11 01:04:09,846 - binance_future_scalping - ERROR - Critical error: 'coroutine' object has no attribute 'futures_change_leverage'
2025-08-11 01:04:09,846 - binance_future_scalping - INFO - Trading bot stopped
2025-08-11 01:04:09,946 - asyncio - ERROR - Unclosed client session
client_session: <aiohttp.client.ClientSession object at 0x77b38cd5eba0>
2025-08-11 01:04:09,947 - asyncio - ERROR - Unclosed connector
connections: ['deque([(<aiohttp.client_proto.ResponseHandler object at 0x77b38cbef110>, 13838638.822597766)])', 'deque([(<aiohttp.client_proto.ResponseHandler object at 0x77b38cbef4d0>, 13838638.915496372)])']
connector: <aiohttp.connector.TCPConnector object at 0x77b38cd5ecf0>
2025-08-11 01:04:12,313 - binance_future_scalping - INFO - Configuration loaded successfully
2025-08-11 01:04:12,566 - binance_future_scalping - INFO - Total balance: 20.82 USDT
2025-08-11 01:04:12,567 - binance_future_scalping - INFO - Allocated trading balance: 20.82 USDT
2025-08-11 01:04:12,567 - binance_future_scalping - INFO - Capital per coin: 5.21 USDT
2025-08-11 01:04:12,570 - binance_future_scalping - ERROR - Critical error: 'coroutine' object has no attribute 'futures_change_leverage'
2025-08-11 01:04:12,570 - binance_future_scalping - INFO - Trading bot stopped
2025-08-11 01:04:12,611 - asyncio - ERROR - Unclosed client session
client_session: <aiohttp.client.ClientSession object at 0x791a4ecb6ba0>
2025-08-11 01:04:12,613 - asyncio - ERROR - Unclosed connector
connections: ['deque([(<aiohttp.client_proto.ResponseHandler object at 0x791a4eb43110>, 13838641.55433622)])', 'deque([(<aiohttp.client_proto.ResponseHandler object at 0x791a4eb434d0>, 13838641.640621064)])']
connector: <aiohttp.connector.TCPConnector object at 0x791a4ecb6cf0>
2025-08-11 01:04:15,650 - binance_future_scalping - INFO - Configuration loaded successfully
2025-08-11 01:04:15,896 - binance_future_scalping - INFO - Total balance: 20.82 USDT
2025-08-11 01:04:15,896 - binance_future_scalping - INFO - Allocated trading balance: 20.82 USDT
2025-08-11 01:04:15,897 - binance_future_scalping - INFO - Capital per coin: 5.21 USDT
2025-08-11 01:04:15,901 - binance_future_scalping - ERROR - Critical error: 'coroutine' object has no attribute 'futures_change_leverage'
2025-08-11 01:04:15,901 - binance_future_scalping - INFO - Trading bot stopped
2025-08-11 01:04:15,947 - asyncio - ERROR - Unclosed client session
client_session: <aiohttp.client.ClientSession object at 0x72250ff96ba0>
2025-08-11 01:04:15,948 - asyncio - ERROR - Unclosed connector
connections: ['deque([(<aiohttp.client_proto.ResponseHandler object at 0x722510073110>, 13838644.8833782)])', 'deque([(<aiohttp.client_proto.ResponseHandler object at 0x7225100734d0>, 13838644.970502062)])']
connector: <aiohttp.connector.TCPConnector object at 0x72250ff96cf0>
2025-08-11 01:04:20,616 - binance_future_scalping - INFO - Configuration loaded successfully
2025-08-11 01:04:20,863 - binance_future_scalping - INFO - Total balance: 20.82 USDT
2025-08-11 01:04:20,863 - binance_future_scalping - INFO - Allocated trading balance: 20.82 USDT
2025-08-11 01:04:20,863 - binance_future_scalping - INFO - Capital per coin: 5.21 USDT
2025-08-11 01:04:20,867 - binance_future_scalping - ERROR - Critical error: 'coroutine' object has no attribute 'futures_change_leverage'
2025-08-11 01:04:20,867 - binance_future_scalping - INFO - Trading bot stopped
2025-08-11 01:04:20,910 - asyncio - ERROR - Unclosed client session
client_session: <aiohttp.client.ClientSession object at 0x726231e36ba0>
2025-08-11 01:04:20,911 - asyncio - ERROR - Unclosed connector
connections: ['deque([(<aiohttp.client_proto.ResponseHandler object at 0x726231f13110>, 13838649.850190287)])', 'deque([(<aiohttp.client_proto.ResponseHandler object at 0x726231f134d0>, 13838649.936919509)])']
connector: <aiohttp.connector.TCPConnector object at 0x726231e36cf0>
2025-08-11 01:04:28,735 - binance_future_scalping - INFO - Configuration loaded successfully
2025-08-11 01:04:28,989 - binance_future_scalping - INFO - Total balance: 20.82 USDT
2025-08-11 01:04:28,989 - binance_future_scalping - INFO - Allocated trading balance: 20.82 USDT
2025-08-11 01:04:28,989 - binance_future_scalping - INFO - Capital per coin: 5.21 USDT
2025-08-11 01:04:28,993 - binance_future_scalping - ERROR - Critical error: 'coroutine' object has no attribute 'futures_change_leverage'
2025-08-11 01:04:28,993 - binance_future_scalping - INFO - Trading bot stopped
2025-08-11 01:04:29,038 - asyncio - ERROR - Unclosed client session
client_session: <aiohttp.client.ClientSession object at 0x76b79d602ba0>
2025-08-11 01:04:29,038 - asyncio - ERROR - Unclosed connector
connections: ['deque([(<aiohttp.client_proto.ResponseHandler object at 0x76b79d493110>, 13838657.972249134)])', 'deque([(<aiohttp.client_proto.ResponseHandler object at 0x76b79d4934d0>, 13838658.063068507)])']
connector: <aiohttp.connector.TCPConnector object at 0x76b79d602cf0>
2025-08-11 01:04:43,260 - binance_future_scalping - INFO - Configuration loaded successfully
2025-08-11 01:04:43,516 - binance_future_scalping - INFO - Total balance: 20.82 USDT
2025-08-11 01:04:43,517 - binance_future_scalping - INFO - Allocated trading balance: 20.82 USDT
2025-08-11 01:04:43,517 - binance_future_scalping - INFO - Capital per coin: 5.21 USDT
2025-08-11 01:04:43,521 - binance_future_scalping - ERROR - Critical error: 'coroutine' object has no attribute 'futures_change_leverage'
2025-08-11 01:04:43,521 - binance_future_scalping - INFO - Trading bot stopped
2025-08-11 01:04:43,563 - asyncio - ERROR - Unclosed client session
client_session: <aiohttp.client.ClientSession object at 0x7f9c8d8ceba0>
2025-08-11 01:04:43,563 - asyncio - ERROR - Unclosed connector
connections: ['deque([(<aiohttp.client_proto.ResponseHandler object at 0x7f9c8d9ab110>, 13838672.499697909)])', 'deque([(<aiohttp.client_proto.ResponseHandler object at 0x7f9c8d9ab4d0>, 13838672.590550285)])']
connector: <aiohttp.connector.TCPConnector object at 0x7f9c8d8cecf0>
2025-08-11 01:05:10,698 - binance_future_scalping - INFO - Configuration loaded successfully
2025-08-11 01:05:10,954 - binance_future_scalping - INFO - Total balance: 20.82 USDT
2025-08-11 01:05:10,955 - binance_future_scalping - INFO - Allocated trading balance: 20.82 USDT
2025-08-11 01:05:10,955 - binance_future_scalping - INFO - Capital per coin: 5.21 USDT
2025-08-11 01:05:10,959 - binance_future_scalping - ERROR - Critical error: 'coroutine' object has no attribute 'futures_change_leverage'
2025-08-11 01:05:10,959 - binance_future_scalping - INFO - Trading bot stopped
2025-08-11 01:05:11,004 - asyncio - ERROR - Unclosed client session
client_session: <aiohttp.client.ClientSession object at 0x7c7194bb6ba0>
2025-08-11 01:05:11,007 - asyncio - ERROR - Unclosed connector
connections: ['deque([(<aiohttp.client_proto.ResponseHandler object at 0x7c7194a43110>, 13838699.937638856)])', 'deque([(<aiohttp.client_proto.ResponseHandler object at 0x7c7194a434d0>, 13838700.028532935)])']
connector: <aiohttp.connector.TCPConnector object at 0x7c7194bb6cf0>
2025-08-11 01:06:03,729 - binance_future_scalping - INFO - Configuration loaded successfully
2025-08-11 01:06:03,981 - binance_future_scalping - INFO - Total balance: 20.82 USDT
2025-08-11 01:06:03,981 - binance_future_scalping - INFO - Allocated trading balance: 20.82 USDT
2025-08-11 01:06:03,981 - binance_future_scalping - INFO - Capital per coin: 5.21 USDT
2025-08-11 01:06:03,985 - binance_future_scalping - ERROR - Critical error: 'coroutine' object has no attribute 'futures_change_leverage'
2025-08-11 01:06:03,985 - binance_future_scalping - INFO - Trading bot stopped
2025-08-11 01:06:04,030 - asyncio - ERROR - Unclosed client session
client_session: <aiohttp.client.ClientSession object at 0x77640302eba0>
2025-08-11 01:06:04,030 - asyncio - ERROR - Unclosed connector
connections: ['deque([(<aiohttp.client_proto.ResponseHandler object at 0x776402ebb110>, 13838752.966625333)])', 'deque([(<aiohttp.client_proto.ResponseHandler object at 0x776402ebb4d0>, 13838753.05483092)])']
connector: <aiohttp.connector.TCPConnector object at 0x77640302ecf0>
2025-08-11 01:56:40,908 - binance_future_scalping - INFO - Configuration loaded successfully
2025-08-11 01:56:41,161 - binance_future_scalping - INFO - Total balance: 20.82 USDT
2025-08-11 01:56:41,162 - binance_future_scalping - INFO - Allocated trading balance: 20.82 USDT
2025-08-11 01:56:41,162 - binance_future_scalping - INFO - Capital per coin: 5.21 USDT
2025-08-11 01:56:41,344 - binance_future_scalping - INFO - ADAUSDT initialized with 1000 candles
2025-08-11 01:56:41,519 - binance_future_scalping - INFO - DOGEUSDT initialized with 1000 candles
2025-08-11 01:56:41,689 - binance_future_scalping - INFO - XRPUSDT initialized with 1000 candles
2025-08-11 01:56:41,861 - binance_future_scalping - INFO - TURBOUSDT initialized with 1000 candles
2025-08-11 01:56:41,861 - binance_future_scalping - INFO - Starting with multiplex WebSocket (single connection).
2025-08-11 01:56:42,186 - binance_future_scalping - INFO - Multiplex WS started for 4 streams
2025-08-11 02:00:00,543 - binance_future_scalping - INFO - Order executed: sent=7.7, filled=7.7, resp={'orderId': 115671002256, 'symbol': 'XRPUSDT', 'status': 'FILLED', 'clientOrderId': 'x-Cb7ytekJa8ed07d99a9c9e6cacaea0', 'price': '0.0000', 'avgPrice': '3.20610', 'origQty': '7.7', 'executedQty': '7.7', 'cumQty': '7.7', 'cumQuote': '24.68697', 'timeInForce': 'GTC', 'type': 'MARKET', 'reduceOnly': False, 'closePosition': False, 'side': 'BUY', 'positionSide': 'BOTH', 'stopPrice': '0.0000', 'workingType': 'CONTRACT_PRICE', 'priceProtect': False, 'origType': 'MARKET', 'priceMatch': 'NONE', 'selfTradePreventionMode': 'EXPIRE_MAKER', 'goodTillDate': 0, 'updateTime': 1754852400507}
2025-08-11 02:00:00,819 - binance_future_scalping - INFO - Order executed: sent=4557.0, filled=4557.0, resp={'orderId': 6409383011, 'symbol': 'TURBOUSDT', 'status': 'FILLED', 'clientOrderId': 'x-Cb7ytekJ2ca6bbfa61f889d716633a', 'price': '0.0000000', 'avgPrice': '0.0050431', 'origQty': '4557', 'executedQty': '4557', 'cumQty': '4557', 'cumQuote': '22.9814067', 'timeInForce': 'GTC', 'type': 'MARKET', 'reduceOnly': False, 'closePosition': False, 'side': 'BUY', 'positionSide': 'BOTH', 'stopPrice': '0.0000000', 'workingType': 'CONTRACT_PRICE', 'priceProtect': False, 'origType': 'MARKET', 'priceMatch': 'NONE', 'selfTradePreventionMode': 'EXPIRE_MAKER', 'goodTillDate': 0, 'updateTime': 1754852400778}
2025-08-11 03:00:00,747 - binance_future_scalping - INFO - Order executed: sent=90.0, filled=90.0, resp={'orderId': 79215086391, 'symbol': 'DOGEUSDT', 'status': 'FILLED', 'clientOrderId': 'x-Cb7ytekJe89d8643499e88d92359bc', 'price': '0.000000', 'avgPrice': '0.234890', 'origQty': '90', 'executedQty': '90', 'cumQty': '90', 'cumQuote': '21.140100', 'timeInForce': 'GTC', 'type': 'MARKET', 'reduceOnly': False, 'closePosition': False, 'side': 'BUY', 'positionSide': 'BOTH', 'stopPrice': '0.000000', 'workingType': 'CONTRACT_PRICE', 'priceProtect': False, 'origType': 'MARKET', 'priceMatch': 'NONE', 'selfTradePreventionMode': 'EXPIRE_MAKER', 'goodTillDate': 0, 'updateTime': 1754856000695}
2025-08-11 03:15:00,329 - binance_future_scalping - INFO - Order executed: sent=23.0, filled=23.0, resp={'orderId': 56842875111, 'symbol': 'ADAUSDT', 'status': 'FILLED', 'clientOrderId': 'x-Cb7ytekJ57ebf3c25db65ad081a15f', 'price': '0.00000', 'avgPrice': '0.80170', 'origQty': '23', 'executedQty': '23', 'cumQty': '23', 'cumQuote': '18.43910', 'timeInForce': 'GTC', 'type': 'MARKET', 'reduceOnly': False, 'closePosition': False, 'side': 'SELL', 'positionSide': 'BOTH', 'stopPrice': '0.00000', 'workingType': 'CONTRACT_PRICE', 'priceProtect': False, 'origType': 'MARKET', 'priceMatch': 'NONE', 'selfTradePreventionMode': 'EXPIRE_MAKER', 'goodTillDate': 0, 'updateTime': 1754856900291}
2025-08-11 03:30:00,689 - binance_future_scalping - INFO - Order executed: sent=4557.0, filled=4557.0, resp={'orderId': 6410001478, 'symbol': 'TURBOUSDT', 'status': 'FILLED', 'clientOrderId': 'x-Cb7ytekJ651d9333e670ee5591841a', 'price': '0.0000000', 'avgPrice': '0.0050350', 'origQty': '4557', 'executedQty': '4557', 'cumQty': '4557', 'cumQuote': '22.9444950', 'timeInForce': 'GTC', 'type': 'MARKET', 'reduceOnly': True, 'closePosition': False, 'side': 'SELL', 'positionSide': 'BOTH', 'stopPrice': '0.0000000', 'workingType': 'CONTRACT_PRICE', 'priceProtect': False, 'origType': 'MARKET', 'priceMatch': 'NONE', 'selfTradePreventionMode': 'EXPIRE_MAKER', 'goodTillDate': 0, 'updateTime': 1754857800654}
2025-08-11 03:30:00,763 - binance_future_scalping - INFO - TURBOUSDT Close partial | used=4557.0 remain=0.0 | PnL: $-0.068542
2025-08-11 03:30:01,008 - binance_future_scalping - INFO - Order executed: sent=3853.0, filled=3853.0, resp={'orderId': 6410001610, 'symbol': 'TURBOUSDT', 'status': 'FILLED', 'clientOrderId': 'x-Cb7ytekJ5223beda7183785db161b6', 'price': '0.0000000', 'avgPrice': '0.0050341', 'origQty': '3853', 'executedQty': '3853', 'cumQty': '3853', 'cumQuote': '19.3963298', 'timeInForce': 'GTC', 'type': 'MARKET', 'reduceOnly': False, 'closePosition': False, 'side': 'SELL', 'positionSide': 'BOTH', 'stopPrice': '0.0000000', 'workingType': 'CONTRACT_PRICE', 'priceProtect': False, 'origType': 'MARKET', 'priceMatch': 'NONE', 'selfTradePreventionMode': 'EXPIRE_MAKER', 'goodTillDate': 0, 'updateTime': 1754857800975}
2025-08-11 03:30:01,263 - binance_future_scalping - INFO - Order executed: sent=90.0, filled=90.0, resp={'orderId': 79216879961, 'symbol': 'DOGEUSDT', 'status': 'FILLED', 'clientOrderId': 'x-Cb7ytekJaf03846492770f6f6b6d8c', 'price': '0.000000', 'avgPrice': '0.233110', 'origQty': '90', 'executedQty': '90', 'cumQty': '90', 'cumQuote': '20.979900', 'timeInForce': 'GTC', 'type': 'MARKET', 'reduceOnly': True, 'closePosition': False, 'side': 'SELL', 'positionSide': 'BOTH', 'stopPrice': '0.000000', 'workingType': 'CONTRACT_PRICE', 'priceProtect': False, 'origType': 'MARKET', 'priceMatch': 'NONE', 'selfTradePreventionMode': 'EXPIRE_MAKER', 'goodTillDate': 0, 'updateTime': 1754857801229}
2025-08-11 03:30:01,337 - binance_future_scalping - INFO - DOGEUSDT Close partial | used=90.0 remain=0.0 | PnL: $-0.188465
2025-08-11 03:30:01,591 - binance_future_scalping - INFO - Order executed: sent=83.0, filled=83.0, resp={'orderId': 79216880738, 'symbol': 'DOGEUSDT', 'status': 'FILLED', 'clientOrderId': 'x-Cb7ytekJb01c74035bdfc523cace29', 'price': '0.000000', 'avgPrice': '0.233090', 'origQty': '83', 'executedQty': '83', 'cumQty': '83', 'cumQuote': '19.346470', 'timeInForce': 'GTC', 'type': 'MARKET', 'reduceOnly': False, 'closePosition': False, 'side': 'SELL', 'positionSide': 'BOTH', 'stopPrice': '0.000000', 'workingType': 'CONTRACT_PRICE', 'priceProtect': False, 'origType': 'MARKET', 'priceMatch': 'NONE', 'selfTradePreventionMode': 'EXPIRE_MAKER', 'goodTillDate': 0, 'updateTime': 1754857801557}
2025-08-11 04:00:00,405 - binance_future_scalping - INFO - Order executed: sent=7.7, filled=7.7, resp={'orderId': 115681895119, 'symbol': 'XRPUSDT', 'status': 'FILLED', 'clientOrderId': 'x-Cb7ytekJ80fa87d580e60600b6c37f', 'price': '0.0000', 'avgPrice': '3.18470', 'origQty': '7.7', 'executedQty': '7.7', 'cumQty': '7.7', 'cumQuote': '24.52219', 'timeInForce': 'GTC', 'type': 'MARKET', 'reduceOnly': True, 'closePosition': False, 'side': 'SELL', 'positionSide': 'BOTH', 'stopPrice': '0.0000', 'workingType': 'CONTRACT_PRICE', 'priceProtect': False, 'origType': 'MARKET', 'priceMatch': 'NONE', 'selfTradePreventionMode': 'EXPIRE_MAKER', 'goodTillDate': 0, 'updateTime': 1754859600378}
2025-08-11 04:00:00,873 - binance_future_scalping - ERROR - Create order failed: APIError(code=-2022): ReduceOnly Order is rejected.
2025-08-11 04:00:01,021 - binance_future_scalping - INFO - XRPUSDT Close partial | used=7.7 remain=0.0 | PnL: $-0.193244
2025-08-11 04:00:02,413 - binance_future_scalping - INFO - Order executed: sent=6.2, filled=6.2, resp={'orderId': 115681899537, 'symbol': 'XRPUSDT', 'status': 'FILLED', 'clientOrderId': 'x-Cb7ytekJa4bfc866c689960c6abb5f', 'price': '0.0000', 'avgPrice': '3.18470', 'origQty': '6.2', 'executedQty': '6.2', 'cumQty': '6.2', 'cumQuote': '19.74514', 'timeInForce': 'GTC', 'type': 'MARKET', 'reduceOnly': False, 'closePosition': False, 'side': 'SELL', 'positionSide': 'BOTH', 'stopPrice': '0.0000', 'workingType': 'CONTRACT_PRICE', 'priceProtect': False, 'origType': 'MARKET', 'priceMatch': 'NONE', 'selfTradePreventionMode': 'EXPIRE_MAKER', 'goodTillDate': 0, 'updateTime': 1754859602385}
2025-08-11 05:00:00,668 - binance_future_scalping - INFO - Order executed: sent=23.0, filled=23.0, resp={'orderId': 56844837480, 'symbol': 'ADAUSDT', 'status': 'FILLED', 'clientOrderId': 'x-Cb7ytekJd377192b479f1441b00d99', 'price': '0.00000', 'avgPrice': '0.79900', 'origQty': '23', 'executedQty': '23', 'cumQty': '23', 'cumQuote': '18.37700', 'timeInForce': 'GTC', 'type': 'MARKET', 'reduceOnly': True, 'closePosition': False, 'side': 'BUY', 'positionSide': 'BOTH', 'stopPrice': '0.00000', 'workingType': 'CONTRACT_PRICE', 'priceProtect': False, 'origType': 'MARKET', 'priceMatch': 'NONE', 'selfTradePreventionMode': 'EXPIRE_MAKER', 'goodTillDate': 0, 'updateTime': 1754863200612}
2025-08-11 05:00:00,745 - binance_future_scalping - INFO - ADAUSDT Close partial | used=23.0 remain=0.0 | PnL: $0.055188
2025-08-11 05:00:01,132 - binance_future_scalping - INFO - Order executed: sent=6.2, filled=6.2, resp={'orderId': 115687283923, 'symbol': 'XRPUSDT', 'status': 'FILLED', 'clientOrderId': 'x-Cb7ytekJ3fa62c05044047c1554c70', 'price': '0.0000', 'avgPrice': '3.18240', 'origQty': '6.2', 'executedQty': '6.2', 'cumQty': '6.2', 'cumQuote': '19.73088', 'timeInForce': 'GTC', 'type': 'MARKET', 'reduceOnly': True, 'closePosition': False, 'side': 'BUY', 'positionSide': 'BOTH', 'stopPrice': '0.0000', 'workingType': 'CONTRACT_PRICE', 'priceProtect': False, 'origType': 'MARKET', 'priceMatch': 'NONE', 'selfTradePreventionMode': 'EXPIRE_MAKER', 'goodTillDate': 0, 'updateTime': 1754863201103}
2025-08-11 05:00:01,211 - binance_future_scalping - INFO - XRPUSDT Close partial | used=6.2 remain=0.0 | PnL: $0.006922
2025-08-11 05:00:01,633 - binance_future_scalping - INFO - Order executed: sent=3853.0, filled=3853.0, resp={'orderId': 6410466507, 'symbol': 'TURBOUSDT', 'status': 'FILLED', 'clientOrderId': 'x-Cb7ytekJ83bd342b9150f1bbe61a06', 'price': '0.0000000', 'avgPrice': '0.0050045', 'origQty': '3853', 'executedQty': '3853', 'cumQty': '3853', 'cumQuote': '19.2825238', 'timeInForce': 'GTC', 'type': 'MARKET', 'reduceOnly': True, 'closePosition': False, 'side': 'BUY', 'positionSide': 'BOTH', 'stopPrice': '0.0000000', 'workingType': 'CONTRACT_PRICE', 'priceProtect': False, 'origType': 'MARKET', 'priceMatch': 'NONE', 'selfTradePreventionMode': 'EXPIRE_MAKER', 'goodTillDate': 0, 'updateTime': 1754863201599}
2025-08-11 05:00:01,770 - binance_future_scalping - INFO - TURBOUSDT Close partial | used=3853.0 remain=0.0 | PnL: $0.104686
2025-08-11 05:00:02,202 - binance_future_scalping - INFO - Order executed: sent=83.0, filled=83.0, resp={'orderId': 79221815149, 'symbol': 'DOGEUSDT', 'status': 'FILLED', 'clientOrderId': 'x-Cb7ytekJ8c5f4084a6a2b8804e8646', 'price': '0.000000', 'avgPrice': '0.233010', 'origQty': '83', 'executedQty': '83', 'cumQty': '83', 'cumQuote': '19.339830', 'timeInForce': 'GTC', 'type': 'MARKET', 'reduceOnly': True, 'closePosition': False, 'side': 'BUY', 'positionSide': 'BOTH', 'stopPrice': '0.000000', 'workingType': 'CONTRACT_PRICE', 'priceProtect': False, 'origType': 'MARKET', 'priceMatch': 'NONE', 'selfTradePreventionMode': 'EXPIRE_MAKER', 'goodTillDate': 0, 'updateTime': 1754863202152}
2025-08-11 05:00:02,319 - binance_future_scalping - INFO - DOGEUSDT Close partial | used=83.0 remain=0.0 | PnL: $-0.011045
2025-08-11 05:15:00,482 - binance_future_scalping - INFO - Order executed: sent=30.0, filled=30.0, resp={'orderId': 56845111428, 'symbol': 'ADAUSDT', 'status': 'FILLED', 'clientOrderId': 'x-Cb7ytekJ9850cef1c3d18cc31895c0', 'price': '0.00000', 'avgPrice': '0.79830', 'origQty': '30', 'executedQty': '30', 'cumQty': '30', 'cumQuote': '23.94900', 'timeInForce': 'GTC', 'type': 'MARKET', 'reduceOnly': False, 'closePosition': False, 'side': 'SELL', 'positionSide': 'BOTH', 'stopPrice': '0.00000', 'workingType': 'CONTRACT_PRICE', 'priceProtect': False, 'origType': 'MARKET', 'priceMatch': 'NONE', 'selfTradePreventionMode': 'EXPIRE_MAKER', 'goodTillDate': 0, 'updateTime': 1754864100453}
2025-08-11 05:15:00,819 - binance_future_scalping - INFO - Order executed: sent=7.0, filled=7.0, resp={'orderId': 115688930196, 'symbol': 'XRPUSDT', 'status': 'FILLED', 'clientOrderId': 'x-Cb7ytekJca14fe7686cd0e94dc51d7', 'price': '0.0000', 'avgPrice': '3.17490', 'origQty': '7.0', 'executedQty': '7.0', 'cumQty': '7.0', 'cumQuote': '22.22430', 'timeInForce': 'GTC', 'type': 'MARKET', 'reduceOnly': False, 'closePosition': False, 'side': 'SELL', 'positionSide': 'BOTH', 'stopPrice': '0.0000', 'workingType': 'CONTRACT_PRICE', 'priceProtect': False, 'origType': 'MARKET', 'priceMatch': 'NONE', 'selfTradePreventionMode': 'EXPIRE_MAKER', 'goodTillDate': 0, 'updateTime': 1754864100790}
2025-08-11 05:15:01,092 - binance_future_scalping - INFO - Order executed: sent=4208.0, filled=4208.0, resp={'orderId': 6410554289, 'symbol': 'TURBOUSDT', 'status': 'FILLED', 'clientOrderId': 'x-Cb7ytekJbe41ab24cfb92dddc8c916', 'price': '0.0000000', 'avgPrice': '0.0049590', 'origQty': '4208', 'executedQty': '4208', 'cumQty': '4208', 'cumQuote': '20.8674720', 'timeInForce': 'GTC', 'type': 'MARKET', 'reduceOnly': False, 'closePosition': False, 'side': 'SELL', 'positionSide': 'BOTH', 'stopPrice': '0.0000000', 'workingType': 'CONTRACT_PRICE', 'priceProtect': False, 'origType': 'MARKET', 'priceMatch': 'NONE', 'selfTradePreventionMode': 'EXPIRE_MAKER', 'goodTillDate': 0, 'updateTime': 1754864101063}
2025-08-11 05:15:01,430 - binance_future_scalping - INFO - Order executed: sent=82.0, filled=82.0, resp={'orderId': 79222798335, 'symbol': 'DOGEUSDT', 'status': 'FILLED', 'clientOrderId': 'x-Cb7ytekJf5c3c3819335986fa52490', 'price': '0.000000', 'avgPrice': '0.232570', 'origQty': '82', 'executedQty': '82', 'cumQty': '82', 'cumQuote': '19.070740', 'timeInForce': 'GTC', 'type': 'MARKET', 'reduceOnly': False, 'closePosition': False, 'side': 'SELL', 'positionSide': 'BOTH', 'stopPrice': '0.000000', 'workingType': 'CONTRACT_PRICE', 'priceProtect': False, 'origType': 'MARKET', 'priceMatch': 'NONE', 'selfTradePreventionMode': 'EXPIRE_MAKER', 'goodTillDate': 0, 'updateTime': 1754864101401}
2025-08-11 06:15:17,807 - binance_future_scalping - INFO - Configuration loaded successfully
2025-08-11 06:15:18,059 - binance_future_scalping - INFO - Total balance: 14.43 USDT
2025-08-11 06:15:18,059 - binance_future_scalping - INFO - Allocated trading balance: 14.43 USDT
2025-08-11 06:15:18,059 - binance_future_scalping - INFO - Capital per coin: 3.61 USDT
2025-08-11 06:15:18,236 - binance_future_scalping - INFO - ADAUSDT initialized with 1000 candles
2025-08-11 06:15:18,240 - binance_future_scalping - INFO - Recovered active position from state: SHORT 82.0 @ 0.23263
2025-08-11 06:15:18,407 - binance_future_scalping - INFO - DOGEUSDT initialized with 1000 candles
2025-08-11 06:15:18,573 - binance_future_scalping - INFO - XRPUSDT initialized with 1000 candles
2025-08-11 06:15:18,738 - binance_future_scalping - INFO - TURBOUSDT initialized with 1000 candles
2025-08-11 06:15:18,740 - binance_future_scalping - INFO - Starting with multiplex WebSocket (single connection).
2025-08-11 06:15:19,063 - binance_future_scalping - INFO - Multiplex WS started for 4 streams
2025-08-11 07:00:01,001 - binance_future_scalping - INFO - Order executed: sent=23.0, filled=23.0, resp={'orderId': 56846816642, 'symbol': 'ADAUSDT', 'status': 'FILLED', 'clientOrderId': 'x-Cb7ytekJcf2a262d197e4e8677430a', 'price': '0.00000', 'avgPrice': '0.80120', 'origQty': '23', 'executedQty': '23', 'cumQty': '23', 'cumQuote': '18.42760', 'timeInForce': 'GTC', 'type': 'MARKET', 'reduceOnly': False, 'closePosition': False, 'side': 'BUY', 'positionSide': 'BOTH', 'stopPrice': '0.00000', 'workingType': 'CONTRACT_PRICE', 'priceProtect': False, 'origType': 'MARKET', 'priceMatch': 'NONE', 'selfTradePreventionMode': 'EXPIRE_MAKER', 'goodTillDate': 0, 'updateTime': 1754870400930}
2025-08-11 07:15:00,516 - binance_future_scalping - INFO - Order executed: sent=6.2, filled=6.2, resp={'orderId': 115700887431, 'symbol': 'XRPUSDT', 'status': 'FILLED', 'clientOrderId': 'x-Cb7ytekJb2bff3ffba58a192a854a0', 'price': '0.0000', 'avgPrice': '3.17870', 'origQty': '6.2', 'executedQty': '6.2', 'cumQty': '6.2', 'cumQuote': '19.70794', 'timeInForce': 'GTC', 'type': 'MARKET', 'reduceOnly': False, 'closePosition': False, 'side': 'BUY', 'positionSide': 'BOTH', 'stopPrice': '0.0000', 'workingType': 'CONTRACT_PRICE', 'priceProtect': False, 'origType': 'MARKET', 'priceMatch': 'NONE', 'selfTradePreventionMode': 'EXPIRE_MAKER', 'goodTillDate': 0, 'updateTime': 1754871300486}
2025-08-11 07:15:00,933 - binance_future_scalping - INFO - Order executed: sent=82.0, filled=82.0, resp={'orderId': 79229462014, 'symbol': 'DOGEUSDT', 'status': 'FILLED', 'clientOrderId': 'x-Cb7ytekJ140370c28a03e614516b94', 'price': '0.000000', 'avgPrice': '0.233020', 'origQty': '82', 'executedQty': '82', 'cumQty': '82', 'cumQuote': '19.107640', 'timeInForce': 'GTC', 'type': 'MARKET', 'reduceOnly': True, 'closePosition': False, 'side': 'BUY', 'positionSide': 'BOTH', 'stopPrice': '0.000000', 'workingType': 'CONTRACT_PRICE', 'priceProtect': False, 'origType': 'MARKET', 'priceMatch': 'NONE', 'selfTradePreventionMode': 'EXPIRE_MAKER', 'goodTillDate': 0, 'updateTime': 1754871300903}
2025-08-11 07:15:01,153 - binance_future_scalping - INFO - DOGEUSDT Close partial | used=82.0 remain=0.0 | PnL: $-0.052712
2025-08-11 08:00:53,855 - binance_future_scalping - INFO - Configuration loaded successfully
2025-08-11 08:00:54,102 - binance_future_scalping - INFO - Total balance: 19.92 USDT
2025-08-11 08:00:54,103 - binance_future_scalping - INFO - Allocated trading balance: 19.92 USDT
2025-08-11 08:00:54,103 - binance_future_scalping - INFO - Capital per coin: 4.98 USDT
2025-08-11 08:00:54,278 - binance_future_scalping - INFO - ADAUSDT initialized with 1000 candles
2025-08-11 08:00:54,450 - binance_future_scalping - INFO - DOGEUSDT initialized with 1000 candles
2025-08-11 08:00:54,618 - binance_future_scalping - INFO - XRPUSDT initialized with 1000 candles
2025-08-11 08:00:54,788 - binance_future_scalping - INFO - TURBOUSDT initialized with 1000 candles
2025-08-11 08:00:54,789 - binance_future_scalping - INFO - Starting with multiplex WebSocket (single connection).
2025-08-11 08:00:55,114 - binance_future_scalping - INFO - Multiplex WS started for 4 streams
2025-08-11 08:15:00,755 - binance_future_scalping - INFO - Order executed: sent=29.0, filled=29.0, resp={'orderId': 56848249235, 'symbol': 'ADAUSDT', 'status': 'FILLED', 'clientOrderId': 'x-Cb7ytekJ2150544ee331865173bfc8', 'price': '0.00000', 'avgPrice': '0.80310', 'origQty': '29', 'executedQty': '29', 'cumQty': '29', 'cumQuote': '23.28990', 'timeInForce': 'GTC', 'type': 'MARKET', 'reduceOnly': False, 'closePosition': False, 'side': 'BUY', 'positionSide': 'BOTH', 'stopPrice': '0.00000', 'workingType': 'CONTRACT_PRICE', 'priceProtect': False, 'origType': 'MARKET', 'priceMatch': 'NONE', 'selfTradePreventionMode': 'EXPIRE_MAKER', 'goodTillDate': 0, 'updateTime': 1754874900718}
2025-08-11 08:15:01,228 - binance_future_scalping - INFO - Order executed: sent=6.8, filled=6.8, resp={'orderId': 115707143762, 'symbol': 'XRPUSDT', 'status': 'FILLED', 'clientOrderId': 'x-Cb7ytekJd19cf796439a7fd7a0f7af', 'price': '0.0000', 'avgPrice': '3.20480', 'origQty': '6.8', 'executedQty': '6.8', 'cumQty': '6.8', 'cumQuote': '21.79264', 'timeInForce': 'GTC', 'type': 'MARKET', 'reduceOnly': False, 'closePosition': False, 'side': 'BUY', 'positionSide': 'BOTH', 'stopPrice': '0.0000', 'workingType': 'CONTRACT_PRICE', 'priceProtect': False, 'origType': 'MARKET', 'priceMatch': 'NONE', 'selfTradePreventionMode': 'EXPIRE_MAKER', 'goodTillDate': 0, 'updateTime': 1754874901189}
2025-08-11 08:15:01,597 - binance_future_scalping - INFO - Order executed: sent=86.0, filled=86.0, resp={'orderId': 79233484428, 'symbol': 'DOGEUSDT', 'status': 'FILLED', 'clientOrderId': 'x-Cb7ytekJ789090acf3bcdc67d7e3be', 'price': '0.000000', 'avgPrice': '0.234140', 'origQty': '86', 'executedQty': '86', 'cumQty': '86', 'cumQuote': '20.136040', 'timeInForce': 'GTC', 'type': 'MARKET', 'reduceOnly': False, 'closePosition': False, 'side': 'BUY', 'positionSide': 'BOTH', 'stopPrice': '0.000000', 'workingType': 'CONTRACT_PRICE', 'priceProtect': False, 'origType': 'MARKET', 'priceMatch': 'NONE', 'selfTradePreventionMode': 'EXPIRE_MAKER', 'goodTillDate': 0, 'updateTime': 1754874901561}
2025-08-11 08:30:00,609 - binance_future_scalping - INFO - Order executed: sent=3722.0, filled=3722.0, resp={'orderId': 6411868112, 'symbol': 'TURBOUSDT', 'status': 'FILLED', 'clientOrderId': 'x-Cb7ytekJ30ca456eb943418d947c4c', 'price': '0.0000000', 'avgPrice': '0.0050866', 'origQty': '3722', 'executedQty': '3722', 'cumQty': '3722', 'cumQuote': '18.9323252', 'timeInForce': 'GTC', 'type': 'MARKET', 'reduceOnly': False, 'closePosition': False, 'side': 'BUY', 'positionSide': 'BOTH', 'stopPrice': '0.0000000', 'workingType': 'CONTRACT_PRICE', 'priceProtect': False, 'origType': 'MARKET', 'priceMatch': 'NONE', 'selfTradePreventionMode': 'EXPIRE_MAKER', 'goodTillDate': 0, 'updateTime': 1754875800570}
2025-08-11 10:00:00,429 - binance_future_scalping - INFO - Order executed: sent=29.0, filled=29.0, resp={'orderId': 56850540317, 'symbol': 'ADAUSDT', 'status': 'FILLED', 'clientOrderId': 'x-Cb7ytekJ1fe2386ef5d39444bca3fb', 'price': '0.00000', 'avgPrice': '0.82690', 'origQty': '29', 'executedQty': '29', 'cumQty': '29', 'cumQuote': '23.98010', 'timeInForce': 'GTC', 'type': 'MARKET', 'reduceOnly': True, 'closePosition': False, 'side': 'SELL', 'positionSide': 'BOTH', 'stopPrice': '0.00000', 'workingType': 'CONTRACT_PRICE', 'priceProtect': False, 'origType': 'MARKET', 'priceMatch': 'NONE', 'selfTradePreventionMode': 'EXPIRE_MAKER', 'goodTillDate': 0, 'updateTime': 1754881200390}
2025-08-11 10:00:00,513 - binance_future_scalping - INFO - ADAUSDT Close partial | used=29.0 remain=0.0 | PnL: $0.657592
2025-08-11 10:15:00,530 - binance_future_scalping - INFO - Order executed: sent=3722.0, filled=3722.0, resp={'orderId': 6412820125, 'symbol': 'TURBOUSDT', 'status': 'FILLED', 'clientOrderId': 'x-Cb7ytekJ93dfaa8ac9dcd9a885d25f', 'price': '0.0000000', 'avgPrice': '0.0051245', 'origQty': '3722', 'executedQty': '3722', 'cumQty': '3722', 'cumQuote': '19.0733890', 'timeInForce': 'GTC', 'type': 'MARKET', 'reduceOnly': True, 'closePosition': False, 'side': 'SELL', 'positionSide': 'BOTH', 'stopPrice': '0.0000000', 'workingType': 'CONTRACT_PRICE', 'priceProtect': False, 'origType': 'MARKET', 'priceMatch': 'NONE', 'selfTradePreventionMode': 'EXPIRE_MAKER', 'goodTillDate': 0, 'updateTime': 1754882100492}
2025-08-11 10:15:00,610 - binance_future_scalping - INFO - TURBOUSDT Close partial | used=3722.0 remain=0.0 | PnL: $0.119072
2025-08-11 10:15:01,553 - binance_future_scalping - INFO - Order executed: sent=86.0, filled=86.0, resp={'orderId': 79242955755, 'symbol': 'DOGEUSDT', 'status': 'FILLED', 'clientOrderId': 'x-Cb7ytekJ970104b0ec88f0d0deee81', 'price': '0.000000', 'avgPrice': '0.239250', 'origQty': '86', 'executedQty': '86', 'cumQty': '86', 'cumQuote': '20.575500', 'timeInForce': 'GTC', 'type': 'MARKET', 'reduceOnly': True, 'closePosition': False, 'side': 'SELL', 'positionSide': 'BOTH', 'stopPrice': '0.000000', 'workingType': 'CONTRACT_PRICE', 'priceProtect': False, 'origType': 'MARKET', 'priceMatch': 'NONE', 'selfTradePreventionMode': 'EXPIRE_MAKER', 'goodTillDate': 0, 'updateTime': 1754882101511}
2025-08-11 10:15:01,988 - binance_future_scalping - INFO - DOGEUSDT Close partial | used=86.0 remain=0.0 | PnL: $0.425448
2025-08-11 10:30:00,479 - binance_future_scalping - INFO - Order executed: sent=6.8, filled=6.8, resp={'orderId': 115719941273, 'symbol': 'XRPUSDT', 'status': 'FILLED', 'clientOrderId': 'x-Cb7ytekJ499355c94d441ff7bd720f', 'price': '0.0000', 'avgPrice': '3.25830', 'origQty': '6.8', 'executedQty': '6.8', 'cumQty': '6.8', 'cumQuote': '22.15644', 'timeInForce': 'GTC', 'type': 'MARKET', 'reduceOnly': True, 'closePosition': False, 'side': 'SELL', 'positionSide': 'BOTH', 'stopPrice': '0.0000', 'workingType': 'CONTRACT_PRICE', 'priceProtect': False, 'origType': 'MARKET', 'priceMatch': 'NONE', 'selfTradePreventionMode': 'EXPIRE_MAKER', 'goodTillDate': 0, 'updateTime': 1754883000446}
2025-08-11 10:30:00,559 - binance_future_scalping - INFO - XRPUSDT Close partial | used=6.8 remain=0.0 | PnL: $0.333385
2025-08-11 10:45:00,405 - binance_future_scalping - INFO - Order executed: sent=31.0, filled=31.0, resp={'orderId': 56851493807, 'symbol': 'ADAUSDT', 'status': 'FILLED', 'clientOrderId': 'x-Cb7ytekJ9b389736cb80c0ae1b2190', 'price': '0.00000', 'avgPrice': '0.82260', 'origQty': '31', 'executedQty': '31', 'cumQty': '31', 'cumQuote': '25.50060', 'timeInForce': 'GTC', 'type': 'MARKET', 'reduceOnly': False, 'closePosition': False, 'side': 'BUY', 'positionSide': 'BOTH', 'stopPrice': '0.00000', 'workingType': 'CONTRACT_PRICE', 'priceProtect': False, 'origType': 'MARKET', 'priceMatch': 'NONE', 'selfTradePreventionMode': 'EXPIRE_MAKER', 'goodTillDate': 0, 'updateTime': 1754883900376}
2025-08-11 10:45:00,879 - binance_future_scalping - INFO - Order executed: sent=4622.0, filled=4622.0, resp={'orderId': 6413032578, 'symbol': 'TURBOUSDT', 'status': 'FILLED', 'clientOrderId': 'x-Cb7ytekJ43c7aad8e20e4a8c34a8c9', 'price': '0.0000000', 'avgPrice': '0.0051231', 'origQty': '4622', 'executedQty': '4622', 'cumQty': '4622', 'cumQuote': '23.6789682', 'timeInForce': 'GTC', 'type': 'MARKET', 'reduceOnly': False, 'closePosition': False, 'side': 'BUY', 'positionSide': 'BOTH', 'stopPrice': '0.0000000', 'workingType': 'CONTRACT_PRICE', 'priceProtect': False, 'origType': 'MARKET', 'priceMatch': 'NONE', 'selfTradePreventionMode': 'EXPIRE_MAKER', 'goodTillDate': 0, 'updateTime': 1754883900845}
2025-08-11 10:45:01,946 - binance_future_scalping - INFO - Order executed: sent=91.0, filled=91.0, resp={'orderId': 79245147815, 'symbol': 'DOGEUSDT', 'status': 'FILLED', 'clientOrderId': 'x-Cb7ytekJc51a5dc7e42e0e85496bff', 'price': '0.000000', 'avgPrice': '0.238040', 'origQty': '91', 'executedQty': '91', 'cumQty': '91', 'cumQuote': '21.661640', 'timeInForce': 'GTC', 'type': 'MARKET', 'reduceOnly': False, 'closePosition': False, 'side': 'BUY', 'positionSide': 'BOTH', 'stopPrice': '0.000000', 'workingType': 'CONTRACT_PRICE', 'priceProtect': False, 'origType': 'MARKET', 'priceMatch': 'NONE', 'selfTradePreventionMode': 'EXPIRE_MAKER', 'goodTillDate': 0, 'updateTime': 1754883901913}
2025-08-11 11:00:00,712 - binance_future_scalping - INFO - Order executed: sent=6.2, filled=6.2, resp={'orderId': 115722378823, 'symbol': 'XRPUSDT', 'status': 'FILLED', 'clientOrderId': 'x-Cb7ytekJ10253876ab020ead0bbf01', 'price': '0.0000', 'avgPrice': '3.26430', 'origQty': '6.2', 'executedQty': '6.2', 'cumQty': '6.2', 'cumQuote': '20.23866', 'timeInForce': 'GTC', 'type': 'MARKET', 'reduceOnly': False, 'closePosition': False, 'side': 'BUY', 'positionSide': 'BOTH', 'stopPrice': '0.0000', 'workingType': 'CONTRACT_PRICE', 'priceProtect': False, 'origType': 'MARKET', 'priceMatch': 'NONE', 'selfTradePreventionMode': 'EXPIRE_MAKER', 'goodTillDate': 0, 'updateTime': 1754884800678}
2025-08-11 11:30:00,406 - binance_future_scalping - INFO - Order executed: sent=31.0, filled=31.0, resp={'orderId': 56852455109, 'symbol': 'ADAUSDT', 'status': 'FILLED', 'clientOrderId': 'x-Cb7ytekJc1f0f29de193bab9a61337', 'price': '0.00000', 'avgPrice': '0.82800', 'origQty': '31', 'executedQty': '31', 'cumQty': '31', 'cumQuote': '25.66800', 'timeInForce': 'GTC', 'type': 'MARKET', 'reduceOnly': True, 'closePosition': False, 'side': 'SELL', 'positionSide': 'BOTH', 'stopPrice': '0.00000', 'workingType': 'CONTRACT_PRICE', 'priceProtect': False, 'origType': 'MARKET', 'priceMatch': 'NONE', 'selfTradePreventionMode': 'EXPIRE_MAKER', 'goodTillDate': 0, 'updateTime': 1754886600378}
2025-08-11 11:30:00,488 - binance_future_scalping - INFO - ADAUSDT Close partial | used=31.0 remain=0.0 | PnL: $0.133130
2025-08-11 11:30:01,024 - binance_future_scalping - INFO - Order executed: sent=91.0, filled=91.0, resp={'orderId': 79248257436, 'symbol': 'DOGEUSDT', 'status': 'FILLED', 'clientOrderId': 'x-Cb7ytekJa7d952e08fadd56033f428', 'price': '0.000000', 'avgPrice': '0.239920', 'origQty': '91', 'executedQty': '91', 'cumQty': '91', 'cumQuote': '21.832720', 'timeInForce': 'GTC', 'type': 'MARKET', 'reduceOnly': True, 'closePosition': False, 'side': 'SELL', 'positionSide': 'BOTH', 'stopPrice': '0.000000', 'workingType': 'CONTRACT_PRICE', 'priceProtect': False, 'origType': 'MARKET', 'priceMatch': 'NONE', 'selfTradePreventionMode': 'EXPIRE_MAKER', 'goodTillDate': 0, 'updateTime': 1754886600993}
2025-08-11 11:30:01,101 - binance_future_scalping - INFO - DOGEUSDT Close partial | used=91.0 remain=0.0 | PnL: $0.129301
2025-08-11 12:00:00,463 - binance_future_scalping - INFO - Order executed: sent=27.0, filled=27.0, resp={'orderId': 56853068599, 'symbol': 'ADAUSDT', 'status': 'FILLED', 'clientOrderId': 'x-Cb7ytekJ4d217d30d2481afa487436', 'price': '0.00000', 'avgPrice': '0.82460', 'origQty': '27', 'executedQty': '27', 'cumQty': '27', 'cumQuote': '22.26420', 'timeInForce': 'GTC', 'type': 'MARKET', 'reduceOnly': False, 'closePosition': False, 'side': 'BUY', 'positionSide': 'BOTH', 'stopPrice': '0.00000', 'workingType': 'CONTRACT_PRICE', 'priceProtect': False, 'origType': 'MARKET', 'priceMatch': 'NONE', 'selfTradePreventionMode': 'EXPIRE_MAKER', 'goodTillDate': 0, 'updateTime': 1754888400422}
2025-08-11 12:00:02,120 - binance_future_scalping - INFO - Order executed: sent=85.0, filled=85.0, resp={'orderId': 79250280466, 'symbol': 'DOGEUSDT', 'status': 'FILLED', 'clientOrderId': 'x-Cb7ytekJ5a9cd8695290ab30c7d9eb', 'price': '0.000000', 'avgPrice': '0.239120', 'origQty': '85', 'executedQty': '85', 'cumQty': '85', 'cumQuote': '20.325200', 'timeInForce': 'GTC', 'type': 'MARKET', 'reduceOnly': False, 'closePosition': False, 'side': 'BUY', 'positionSide': 'BOTH', 'stopPrice': '0.000000', 'workingType': 'CONTRACT_PRICE', 'priceProtect': False, 'origType': 'MARKET', 'priceMatch': 'NONE', 'selfTradePreventionMode': 'EXPIRE_MAKER', 'goodTillDate': 0, 'updateTime': 1754888402077}
2025-08-11 14:30:00,636 - binance_future_scalping - INFO - Order executed: sent=27.0, filled=27.0, resp={'orderId': 56856214865, 'symbol': 'ADAUSDT', 'status': 'FILLED', 'clientOrderId': 'x-Cb7ytekJc00c5151e1634ead43735', 'price': '0.00000', 'avgPrice': '0.81710', 'origQty': '27', 'executedQty': '27', 'cumQty': '27', 'cumQuote': '22.06170', 'timeInForce': 'GTC', 'type': 'MARKET', 'reduceOnly': True, 'closePosition': False, 'side': 'SELL', 'positionSide': 'BOTH', 'stopPrice': '0.00000', 'workingType': 'CONTRACT_PRICE', 'priceProtect': False, 'origType': 'MARKET', 'priceMatch': 'NONE', 'selfTradePreventionMode': 'EXPIRE_MAKER', 'goodTillDate': 0, 'updateTime': 1754897400607}
2025-08-11 14:30:00,723 - binance_future_scalping - INFO - ADAUSDT Close partial | used=27.0 remain=0.0 | PnL: $-0.232084
2025-08-11 14:30:01,934 - binance_future_scalping - INFO - Order executed: sent=85.0, filled=85.0, resp={'orderId': 79260391846, 'symbol': 'DOGEUSDT', 'status': 'FILLED', 'clientOrderId': 'x-Cb7ytekJc571c46ddf9fe7e2faa00e', 'price': '0.000000', 'avgPrice': '0.235840', 'origQty': '85', 'executedQty': '85', 'cumQty': '85', 'cumQuote': '20.046400', 'timeInForce': 'GTC', 'type': 'MARKET', 'reduceOnly': True, 'closePosition': False, 'side': 'SELL', 'positionSide': 'BOTH', 'stopPrice': '0.000000', 'workingType': 'CONTRACT_PRICE', 'priceProtect': False, 'origType': 'MARKET', 'priceMatch': 'NONE', 'selfTradePreventionMode': 'EXPIRE_MAKER', 'goodTillDate': 0, 'updateTime': 1754897401900}
2025-08-11 14:30:02,187 - binance_future_scalping - INFO - DOGEUSDT Close partial | used=85.0 remain=0.0 | PnL: $-0.313441
2025-08-11 15:00:01,045 - binance_future_scalping - INFO - Order executed: sent=6.2, filled=6.2, resp={'orderId': 115745219076, 'symbol': 'XRPUSDT', 'status': 'FILLED', 'clientOrderId': 'x-Cb7ytekJ4e94b5bca602d71117207a', 'price': '0.0000', 'avgPrice': '3.24410', 'origQty': '6.2', 'executedQty': '6.2', 'cumQty': '6.2', 'cumQuote': '20.11342', 'timeInForce': 'GTC', 'type': 'MARKET', 'reduceOnly': True, 'closePosition': False, 'side': 'SELL', 'positionSide': 'BOTH', 'stopPrice': '0.0000', 'workingType': 'CONTRACT_PRICE', 'priceProtect': False, 'origType': 'MARKET', 'priceMatch': 'NONE', 'selfTradePreventionMode': 'EXPIRE_MAKER', 'goodTillDate': 0, 'updateTime': 1754899201010}
2025-08-11 15:00:02,328 - binance_future_scalping - INFO - XRPUSDT reduceOnly rejected (no position) → ignore
2025-08-11 15:00:02,682 - binance_future_scalping - INFO - XRPUSDT Close partial | used=6.2 remain=6.2 | PnL: $-0.148110
